<?xml version="1.0" encoding="UTF-8"?>
<!-- Generated by org.testng.reporters.JUnitXMLReporter -->
<testsuite ignored="0" hostname="DESKTOP-LR39V9M" failures="5" tests="5" name="nopCommerceTest" time="60.671" errors="0" timestamp="2023-01-12T12:58:27 EST">
  <testcase classname="testCase.TC_003_LoginDDT" name="test_loginDDT" time="11.204">
    <failure type="java.lang.AssertionError" message="null">
      <![CDATA[java.lang.AssertionError: null
at testCase.TC_003_LoginDDT.test_loginDDT(TC_003_LoginDDT.java:69)
at java.base/java.util.ArrayList.forEach(ArrayList.java:1511)
... Removed 29 stack frames]]>
    </failure>
  </testcase> <!-- test_loginDDT -->
  <testcase classname="testCase.TC_003_LoginDDT" name="test_loginDDT" time="11.072">
    <failure type="java.lang.AssertionError" message="null">
      <![CDATA[java.lang.AssertionError: null
at testCase.TC_003_LoginDDT.test_loginDDT(TC_003_LoginDDT.java:69)
at java.base/java.util.ArrayList.forEach(ArrayList.java:1511)
... Removed 29 stack frames]]>
    </failure>
  </testcase> <!-- test_loginDDT -->
  <testcase classname="testCase.TC_003_LoginDDT" name="test_loginDDT" time="10.987">
    <failure type="java.lang.AssertionError" message="null">
      <![CDATA[java.lang.AssertionError: null
at testCase.TC_003_LoginDDT.test_loginDDT(TC_003_LoginDDT.java:69)
at java.base/java.util.ArrayList.forEach(ArrayList.java:1511)
... Removed 29 stack frames]]>
    </failure>
  </testcase> <!-- test_loginDDT -->
  <testcase classname="testCase.TC_003_LoginDDT" name="test_loginDDT" time="11.125">
    <failure type="java.lang.AssertionError" message="null">
      <![CDATA[java.lang.AssertionError: null
at testCase.TC_003_LoginDDT.test_loginDDT(TC_003_LoginDDT.java:69)
at java.base/java.util.ArrayList.forEach(ArrayList.java:1511)
... Removed 29 stack frames]]>
    </failure>
  </testcase> <!-- test_loginDDT -->
  <testcase classname="testCase.TC_003_LoginDDT" name="test_loginDDT" time="11.003">
    <failure type="java.lang.AssertionError" message="null">
      <![CDATA[java.lang.AssertionError: null
at testCase.TC_003_LoginDDT.test_loginDDT(TC_003_LoginDDT.java:69)
at java.base/java.util.ArrayList.forEach(ArrayList.java:1511)
... Removed 29 stack frames]]>
    </failure>
  </testcase> <!-- test_loginDDT -->
</testsuite> <!-- nopCommerceTest -->
